[INFO] Scanning for projects...
[INFO] 
[INFO] --------------------< com.business:BusinessProject >--------------------
[INFO] Building BusinessProject 0.0.1-SNAPSHOT
[INFO]   from pom.xml
[INFO] --------------------------------[ jar ]---------------------------------
[INFO] 
[INFO] >>> spring-boot:3.1.3:run (default-cli) > test-compile @ BusinessProject >>>
[INFO] 
[INFO] --- resources:3.3.1:resources (default-resources) @ BusinessProject ---
[INFO] Copying 1 resource from src\main\resources to target\classes
[INFO] Copying 50 resources from src\main\resources to target\classes
[INFO] 
[INFO] --- compiler:3.11.0:compile (default-compile) @ BusinessProject ---
[INFO] Nothing to compile - all classes are up to date
[INFO] 
[INFO] --- resources:3.3.1:testResources (default-testResources) @ BusinessProject ---
[INFO] skip non existing resourceDirectory C:\GITHUB SB projects\Business_Management_Project\src\test\resources
[INFO] 
[INFO] --- compiler:3.11.0:testCompile (default-testCompile) @ BusinessProject ---
[INFO] Nothing to compile - all classes are up to date
[INFO] 
[INFO] <<< spring-boot:3.1.3:run (default-cli) < test-compile @ BusinessProject <<<
[INFO] 
[INFO] 
[INFO] --- spring-boot:3.1.3:run (default-cli) @ BusinessProject ---
[INFO] Attaching agents: []

  .   ____          _            __ _ _
 /\\ / ___'_ __ _ _(_)_ __  __ _ \ \ \ \
( ( )\___ | '_ | '_| | '_ \/ _` | \ \ \ \
 \\/  ___)| |_)| | | | | || (_| |  ) ) ) )
  '  |____| .__|_| |_|_| |_\__, | / / / /
 =========|_|==============|___/=/_/_/_/
 :: Spring Boot ::                (v3.1.3)

2026-02-28T21:52:02.835+05:30  INFO 27880 --- [  restartedMain] c.business.BusinessProjectApplication    : Starting BusinessProjectApplication using Java 21.0.2 with PID 27880 (C:\GITHUB SB projects\Business_Management_Project\target\classes started by Chaitanya in C:\GITHUB SB projects\Business_Management_Project)
2026-02-28T21:52:02.841+05:30  INFO 27880 --- [  restartedMain] c.business.BusinessProjectApplication    : No active profile set, falling back to 1 default profile: "default"
2026-02-28T21:52:02.973+05:30  INFO 27880 --- [  restartedMain] .e.DevToolsPropertyDefaultsPostProcessor : Devtools property defaults active! Set 'spring.devtools.add-properties' to 'false' to disable
2026-02-28T21:52:02.973+05:30  INFO 27880 --- [  restartedMain] .e.DevToolsPropertyDefaultsPostProcessor : For additional web related logging consider setting the 'logging.level.web' property to 'DEBUG'
2026-02-28T21:52:04.542+05:30  INFO 27880 --- [  restartedMain] .s.d.r.c.RepositoryConfigurationDelegate : Bootstrapping Spring Data JPA repositories in DEFAULT mode.
2026-02-28T21:52:04.691+05:30  INFO 27880 --- [  restartedMain] .s.d.r.c.RepositoryConfigurationDelegate : Finished Spring Data repository scanning in 127 ms. Found 4 JPA repository interfaces.
2026-02-28T21:52:06.194+05:30  INFO 27880 --- [  restartedMain] o.s.b.w.embedded.tomcat.TomcatWebServer  : Tomcat initialized with port(s): 0 (http)
2026-02-28T21:52:06.236+05:30  INFO 27880 --- [  restartedMain] o.apache.catalina.core.StandardService   : Starting service [Tomcat]
2026-02-28T21:52:06.238+05:30  INFO 27880 --- [  restartedMain] o.apache.catalina.core.StandardEngine    : Starting Servlet engine: [Apache Tomcat/10.1.12]
2026-02-28T21:52:06.541+05:30  INFO 27880 --- [  restartedMain] o.a.c.c.C.[Tomcat].[localhost].[/]       : Initializing Spring embedded WebApplicationContext
2026-02-28T21:52:06.542+05:30  INFO 27880 --- [  restartedMain] w.s.c.ServletWebServerApplicationContext : Root WebApplicationContext: initialization completed in 3565 ms
2026-02-28T21:52:06.969+05:30  INFO 27880 --- [  restartedMain] o.hibernate.jpa.internal.util.LogHelper  : HHH000204: Processing PersistenceUnitInfo [name: default]
2026-02-28T21:52:07.109+05:30  INFO 27880 --- [  restartedMain] org.hibernate.Version                    : HHH000412: Hibernate ORM core version 6.2.7.Final
2026-02-28T21:52:07.114+05:30  INFO 27880 --- [  restartedMain] org.hibernate.cfg.Environment            : HHH000406: Using bytecode reflection optimizer
2026-02-28T21:52:07.396+05:30  INFO 27880 --- [  restartedMain] o.h.b.i.BytecodeProviderInitiator        : HHH000021: Bytecode provider name : bytebuddy
2026-02-28T21:52:07.724+05:30  INFO 27880 --- [  restartedMain] o.s.o.j.p.SpringPersistenceUnitInfo      : No LoadTimeWeaver setup: ignoring JPA class transformer
2026-02-28T21:52:07.755+05:30  INFO 27880 --- [  restartedMain] com.zaxxer.hikari.HikariDataSource       : businessproject - Starting...
2026-02-28T21:52:08.494+05:30  INFO 27880 --- [  restartedMain] com.zaxxer.hikari.pool.HikariPool        : businessproject - Added connection com.mysql.cj.jdbc.ConnectionImpl@7611e2cd
2026-02-28T21:52:08.506+05:30  INFO 27880 --- [  restartedMain] com.zaxxer.hikari.HikariDataSource       : businessproject - Start completed.
2026-02-28T21:52:09.259+05:30  INFO 27880 --- [  restartedMain] o.h.b.i.BytecodeProviderInitiator        : HHH000021: Bytecode provider name : bytebuddy
2026-02-28T21:52:10.874+05:30  INFO 27880 --- [  restartedMain] o.h.e.t.j.p.i.JtaPlatformInitiator       : HHH000490: Using JtaPlatform implementation: [org.hibernate.engine.transaction.jta.platform.internal.NoJtaPlatform]
2026-02-28T21:52:11.256+05:30  INFO 27880 --- [  restartedMain] j.LocalContainerEntityManagerFactoryBean : Initialized JPA EntityManagerFactory for persistence unit 'default'
2026-02-28T21:52:11.859+05:30  WARN 27880 --- [  restartedMain] ocalVariableTableParameterNameDiscoverer : Using deprecated '-debug' fallback for parameter name resolution. Compile the affected code with '-parameters' instead or avoid its introspection: com.business.repositories.UserRepository
2026-02-28T21:52:12.114+05:30  WARN 27880 --- [  restartedMain] ocalVariableTableParameterNameDiscoverer : Using deprecated '-debug' fallback for parameter name resolution. Compile the affected code with '-parameters' instead or avoid its introspection: com.business.repositories.AdminRepository
2026-02-28T21:52:12.148+05:30  WARN 27880 --- [  restartedMain] ocalVariableTableParameterNameDiscoverer : Using deprecated '-debug' fallback for parameter name resolution. Compile the affected code with '-parameters' instead or avoid its introspection: com.business.repositories.ProductRepository
2026-02-28T21:52:12.199+05:30  WARN 27880 --- [  restartedMain] ocalVariableTableParameterNameDiscoverer : Using deprecated '-debug' fallback for parameter name resolution. Compile the affected code with '-parameters' instead or avoid its introspection: com.business.repositories.OrderRepository
2026-02-28T21:52:12.317+05:30  WARN 27880 --- [  restartedMain] JpaBaseConfiguration$JpaWebConfiguration : spring.jpa.open-in-view is enabled by default. Therefore, database queries may be performed during view rendering. Explicitly configure spring.jpa.open-in-view to disable this warning
2026-02-28T21:52:13.042+05:30  INFO 27880 --- [  restartedMain] o.s.b.d.a.OptionalLiveReloadServer       : LiveReload server is running on port 35729
2026-02-28T21:52:13.136+05:30  INFO 27880 --- [  restartedMain] o.s.b.w.embedded.tomcat.TomcatWebServer  : Tomcat started on port(s): 62454 (http) with context path ''
2026-02-28T21:52:13.155+05:30  INFO 27880 --- [  restartedMain] c.business.BusinessProjectApplication    : Started BusinessProjectApplication in 11.207 seconds (process running for 12.507)
2026-02-28T21:53:33.181+05:30  INFO 27880 --- [o-auto-1-exec-1] o.a.c.c.C.[Tomcat].[localhost].[/]       : Initializing Spring DispatcherServlet 'dispatcherServlet'
2026-02-28T21:53:33.182+05:30  INFO 27880 --- [o-auto-1-exec-1] o.s.web.servlet.DispatcherServlet        : Initializing Servlet 'dispatcherServlet'
2026-02-28T21:53:33.190+05:30  INFO 27880 --- [o-auto-1-exec-1] o.s.web.servlet.DispatcherServlet        : Completed initialization in 7 ms
2026-02-28T22:05:27.788+05:30  INFO 27880 --- [   File Watcher] rtingClassPathChangeChangedEventListener : Restarting due to 1 class path change (1 addition, 0 deletions, 0 modifications)
2026-02-28T22:05:27.916+05:30  INFO 27880 --- [       Thread-5] o.apache.catalina.core.StandardService   : Stopping service [Tomcat]
2026-02-28T22:05:27.935+05:30  INFO 27880 --- [       Thread-5] o.a.c.c.C.[Tomcat].[localhost].[/]       : Destroying Spring FrameworkServlet 'dispatcherServlet'
2026-02-28T22:05:28.040+05:30  INFO 27880 --- [       Thread-5] j.LocalContainerEntityManagerFactoryBean : Closing JPA EntityManagerFactory for persistence unit 'default'
2026-02-28T22:05:28.070+05:30  INFO 27880 --- [       Thread-5] com.zaxxer.hikari.HikariDataSource       : businessproject - Shutdown initiated...
2026-02-28T22:05:28.223+05:30  INFO 27880 --- [       Thread-5] com.zaxxer.hikari.HikariDataSource       : businessproject - Shutdown completed.

  .   ____          _            __ _ _
 /\\ / ___'_ __ _ _(_)_ __  __ _ \ \ \ \
( ( )\___ | '_ | '_| | '_ \/ _` | \ \ \ \
 \\/  ___)| |_)| | | | | || (_| |  ) ) ) )
  '  |____| .__|_| |_|_| |_\__, | / / / /
 =========|_|==============|___/=/_/_/_/
 :: Spring Boot ::                (v3.1.3)

2026-02-28T22:05:28.700+05:30  INFO 27880 --- [  restartedMain] c.business.BusinessProjectApplication    : Starting BusinessProjectApplication using Java 21.0.2 with PID 27880 (C:\GITHUB SB projects\Business_Management_Project\target\classes started by Chaitanya in C:\GITHUB SB projects\Business_Management_Project)
2026-02-28T22:05:28.701+05:30  INFO 27880 --- [  restartedMain] c.business.BusinessProjectApplication    : No active profile set, falling back to 1 default profile: "default"
2026-02-28T22:05:29.674+05:30  INFO 27880 --- [  restartedMain] .s.d.r.c.RepositoryConfigurationDelegate : Bootstrapping Spring Data JPA repositories in DEFAULT mode.
2026-02-28T22:05:29.708+05:30  INFO 27880 --- [  restartedMain] .s.d.r.c.RepositoryConfigurationDelegate : Finished Spring Data repository scanning in 34 ms. Found 4 JPA repository interfaces.
2026-02-28T22:05:30.037+05:30  INFO 27880 --- [  restartedMain] o.s.b.w.embedded.tomcat.TomcatWebServer  : Tomcat initialized with port(s): 0 (http)
2026-02-28T22:05:30.043+05:30  INFO 27880 --- [  restartedMain] o.apache.catalina.core.StandardService   : Starting service [Tomcat]
2026-02-28T22:05:30.043+05:30  INFO 27880 --- [  restartedMain] o.apache.catalina.core.StandardEngine    : Starting Servlet engine: [Apache Tomcat/10.1.12]
2026-02-28T22:05:30.084+05:30  INFO 27880 --- [  restartedMain] o.a.c.c.C.[Tomcat].[localhost].[/]       : Initializing Spring embedded WebApplicationContext
2026-02-28T22:05:30.084+05:30  INFO 27880 --- [  restartedMain] w.s.c.ServletWebServerApplicationContext : Root WebApplicationContext: initialization completed in 1372 ms
2026-02-28T22:05:30.161+05:30  INFO 27880 --- [  restartedMain] o.hibernate.jpa.internal.util.LogHelper  : HHH000204: Processing PersistenceUnitInfo [name: default]
2026-02-28T22:05:30.172+05:30  INFO 27880 --- [  restartedMain] o.h.b.i.BytecodeProviderInitiator        : HHH000021: Bytecode provider name : bytebuddy
2026-02-28T22:05:30.176+05:30  INFO 27880 --- [  restartedMain] o.s.o.j.p.SpringPersistenceUnitInfo      : No LoadTimeWeaver setup: ignoring JPA class transformer
2026-02-28T22:05:30.177+05:30  INFO 27880 --- [  restartedMain] com.zaxxer.hikari.HikariDataSource       : businessproject - Starting...
2026-02-28T22:05:30.358+05:30  INFO 27880 --- [  restartedMain] com.zaxxer.hikari.pool.HikariPool        : businessproject - Added connection com.mysql.cj.jdbc.ConnectionImpl@52a6a183
2026-02-28T22:05:30.360+05:30  INFO 27880 --- [  restartedMain] com.zaxxer.hikari.HikariDataSource       : businessproject - Start completed.
2026-02-28T22:05:30.400+05:30  INFO 27880 --- [  restartedMain] o.h.b.i.BytecodeProviderInitiator        : HHH000021: Bytecode provider name : bytebuddy
2026-02-28T22:05:30.600+05:30  INFO 27880 --- [  restartedMain] o.h.e.t.j.p.i.JtaPlatformInitiator       : HHH000490: Using JtaPlatform implementation: [org.hibernate.engine.transaction.jta.platform.internal.NoJtaPlatform]
2026-02-28T22:05:30.962+05:30  INFO 27880 --- [  restartedMain] j.LocalContainerEntityManagerFactoryBean : Initialized JPA EntityManagerFactory for persistence unit 'default'
2026-02-28T22:05:31.044+05:30  WARN 27880 --- [  restartedMain] ocalVariableTableParameterNameDiscoverer : Using deprecated '-debug' fallback for parameter name resolution. Compile the affected code with '-parameters' instead or avoid its introspection: com.business.repositories.UserRepository
2026-02-28T22:05:31.069+05:30  WARN 27880 --- [  restartedMain] ocalVariableTableParameterNameDiscoverer : Using deprecated '-debug' fallback for parameter name resolution. Compile the affected code with '-parameters' instead or avoid its introspection: com.business.repositories.AdminRepository
2026-02-28T22:05:31.085+05:30  WARN 27880 --- [  restartedMain] ocalVariableTableParameterNameDiscoverer : Using deprecated '-debug' fallback for parameter name resolution. Compile the affected code with '-parameters' instead or avoid its introspection: com.business.repositories.ProductRepository
2026-02-28T22:05:31.118+05:30  WARN 27880 --- [  restartedMain] ocalVariableTableParameterNameDiscoverer : Using deprecated '-debug' fallback for parameter name resolution. Compile the affected code with '-parameters' instead or avoid its introspection: com.business.repositories.OrderRepository
2026-02-28T22:05:31.179+05:30  WARN 27880 --- [  restartedMain] JpaBaseConfiguration$JpaWebConfiguration : spring.jpa.open-in-view is enabled by default. Therefore, database queries may be performed during view rendering. Explicitly configure spring.jpa.open-in-view to disable this warning
2026-02-28T22:05:31.386+05:30  INFO 27880 --- [  restartedMain] o.s.b.d.a.OptionalLiveReloadServer       : LiveReload server is running on port 35729
2026-02-28T22:05:31.422+05:30  INFO 27880 --- [  restartedMain] o.s.b.w.embedded.tomcat.TomcatWebServer  : Tomcat started on port(s): 51772 (http) with context path ''
2026-02-28T22:05:31.422+05:30  INFO 27880 --- [  restartedMain] c.business.BusinessProjectApplication    : Started BusinessProjectApplication in 2.978 seconds (process running for 810.88)
2026-02-28T22:05:31.422+05:30  INFO 27880 --- [  restartedMain] .ConditionEvaluationDeltaLoggingListener : Condition evaluation unchanged
