[INFO] Scanning for projects...
[INFO] 
[INFO] --------------------< com.business:BusinessProject >--------------------
[INFO] Building BusinessProject 0.0.1-SNAPSHOT
[INFO]   from pom.xml
[INFO] --------------------------------[ jar ]---------------------------------
[INFO] 
[INFO] >>> spring-boot:3.1.3:run (default-cli) > test-compile @ BusinessProject >>>
[INFO] 
[INFO] --- resources:3.3.1:resources (default-resources) @ BusinessProject ---
[INFO] Copying 1 resource from src\main\resources to target\classes
[INFO] Copying 50 resources from src\main\resources to target\classes
[INFO] 
[INFO] --- compiler:3.11.0:compile (default-compile) @ BusinessProject ---
[INFO] Nothing to compile - all classes are up to date
[INFO] 
[INFO] --- resources:3.3.1:testResources (default-testResources) @ BusinessProject ---
[INFO] skip non existing resourceDirectory C:\GITHUB SB projects\Business_Management_Project\src\test\resources
[INFO] 
[INFO] --- compiler:3.11.0:testCompile (default-testCompile) @ BusinessProject ---
[INFO] Nothing to compile - all classes are up to date
[INFO] 
[INFO] <<< spring-boot:3.1.3:run (default-cli) < test-compile @ BusinessProject <<<
[INFO] 
[INFO] 
[INFO] --- spring-boot:3.1.3:run (default-cli) @ BusinessProject ---
[INFO] Attaching agents: []

  .   ____          _            __ _ _
 /\\ / ___'_ __ _ _(_)_ __  __ _ \ \ \ \
( ( )\___ | '_ | '_| | '_ \/ _` | \ \ \ \
 \\/  ___)| |_)| | | | | || (_| |  ) ) ) )
  '  |____| .__|_| |_|_| |_\__, | / / / /
 =========|_|==============|___/=/_/_/_/
 :: Spring Boot ::                (v3.1.3)

2026-02-28T19:32:16.990+05:30  INFO 13980 --- [  restartedMain] c.business.BusinessProjectApplication    : Starting BusinessProjectApplication using Java 21.0.2 with PID 13980 (C:\GITHUB SB projects\Business_Management_Project\target\classes started by Chaitanya in C:\GITHUB SB projects\Business_Management_Project)
2026-02-28T19:32:16.994+05:30  INFO 13980 --- [  restartedMain] c.business.BusinessProjectApplication    : No active profile set, falling back to 1 default profile: "default"
2026-02-28T19:32:17.121+05:30  INFO 13980 --- [  restartedMain] .e.DevToolsPropertyDefaultsPostProcessor : Devtools property defaults active! Set 'spring.devtools.add-properties' to 'false' to disable
2026-02-28T19:32:17.121+05:30  INFO 13980 --- [  restartedMain] .e.DevToolsPropertyDefaultsPostProcessor : For additional web related logging consider setting the 'logging.level.web' property to 'DEBUG'
2026-02-28T19:32:18.299+05:30  INFO 13980 --- [  restartedMain] .s.d.r.c.RepositoryConfigurationDelegate : Bootstrapping Spring Data JPA repositories in DEFAULT mode.
2026-02-28T19:32:18.407+05:30  INFO 13980 --- [  restartedMain] .s.d.r.c.RepositoryConfigurationDelegate : Finished Spring Data repository scanning in 93 ms. Found 4 JPA repository interfaces.
2026-02-28T19:32:19.185+05:30  INFO 13980 --- [  restartedMain] o.s.b.w.embedded.tomcat.TomcatWebServer  : Tomcat initialized with port(s): 8085 (http)
2026-02-28T19:32:19.199+05:30  INFO 13980 --- [  restartedMain] o.apache.catalina.core.StandardService   : Starting service [Tomcat]
2026-02-28T19:32:19.199+05:30  INFO 13980 --- [  restartedMain] o.apache.catalina.core.StandardEngine    : Starting Servlet engine: [Apache Tomcat/10.1.12]
2026-02-28T19:32:19.283+05:30  INFO 13980 --- [  restartedMain] o.a.c.c.C.[Tomcat].[localhost].[/]       : Initializing Spring embedded WebApplicationContext
2026-02-28T19:32:19.283+05:30  INFO 13980 --- [  restartedMain] w.s.c.ServletWebServerApplicationContext : Root WebApplicationContext: initialization completed in 2160 ms
2026-02-28T19:32:19.486+05:30  INFO 13980 --- [  restartedMain] o.hibernate.jpa.internal.util.LogHelper  : HHH000204: Processing PersistenceUnitInfo [name: default]
2026-02-28T19:32:19.582+05:30  INFO 13980 --- [  restartedMain] org.hibernate.Version                    : HHH000412: Hibernate ORM core version 6.2.7.Final
2026-02-28T19:32:19.584+05:30  INFO 13980 --- [  restartedMain] org.hibernate.cfg.Environment            : HHH000406: Using bytecode reflection optimizer
2026-02-28T19:32:19.762+05:30  INFO 13980 --- [  restartedMain] o.h.b.i.BytecodeProviderInitiator        : HHH000021: Bytecode provider name : bytebuddy
2026-02-28T19:32:19.967+05:30  INFO 13980 --- [  restartedMain] o.s.o.j.p.SpringPersistenceUnitInfo      : No LoadTimeWeaver setup: ignoring JPA class transformer
2026-02-28T19:32:19.986+05:30  INFO 13980 --- [  restartedMain] com.zaxxer.hikari.HikariDataSource       : businessproject - Starting...
2026-02-28T19:32:20.579+05:30  INFO 13980 --- [  restartedMain] com.zaxxer.hikari.pool.HikariPool        : businessproject - Added connection com.mysql.cj.jdbc.ConnectionImpl@5fe7b4a5
2026-02-28T19:32:20.579+05:30  INFO 13980 --- [  restartedMain] com.zaxxer.hikari.HikariDataSource       : businessproject - Start completed.
2026-02-28T19:32:21.135+05:30  INFO 13980 --- [  restartedMain] o.h.b.i.BytecodeProviderInitiator        : HHH000021: Bytecode provider name : bytebuddy
2026-02-28T19:32:22.490+05:30  INFO 13980 --- [  restartedMain] o.h.e.t.j.p.i.JtaPlatformInitiator       : HHH000490: Using JtaPlatform implementation: [org.hibernate.engine.transaction.jta.platform.internal.NoJtaPlatform]
2026-02-28T19:32:22.674+05:30  INFO 13980 --- [  restartedMain] j.LocalContainerEntityManagerFactoryBean : Initialized JPA EntityManagerFactory for persistence unit 'default'
2026-02-28T19:32:23.162+05:30  WARN 13980 --- [  restartedMain] JpaBaseConfiguration$JpaWebConfiguration : spring.jpa.open-in-view is enabled by default. Therefore, database queries may be performed during view rendering. Explicitly configure spring.jpa.open-in-view to disable this warning
2026-02-28T19:32:23.636+05:30  WARN 13980 --- [  restartedMain] o.s.b.d.a.OptionalLiveReloadServer       : Unable to start LiveReload server
2026-02-28T19:32:23.659+05:30  WARN 13980 --- [  restartedMain] ConfigServletWebServerApplicationContext : Exception encountered during context initialization - cancelling refresh attempt: org.springframework.context.ApplicationContextException: Failed to start bean 'webServerStartStop'
2026-02-28T19:32:23.661+05:30  INFO 13980 --- [  restartedMain] j.LocalContainerEntityManagerFactoryBean : Closing JPA EntityManagerFactory for persistence unit 'default'
2026-02-28T19:32:23.664+05:30  INFO 13980 --- [  restartedMain] com.zaxxer.hikari.HikariDataSource       : businessproject - Shutdown initiated...
2026-02-28T19:32:23.675+05:30  INFO 13980 --- [  restartedMain] com.zaxxer.hikari.HikariDataSource       : businessproject - Shutdown completed.
2026-02-28T19:32:23.678+05:30  INFO 13980 --- [  restartedMain] o.apache.catalina.core.StandardService   : Stopping service [Tomcat]
2026-02-28T19:32:23.692+05:30  INFO 13980 --- [  restartedMain] .s.b.a.l.ConditionEvaluationReportLogger : 

Error starting ApplicationContext. To display the condition evaluation report re-run your application with 'debug' enabled.
2026-02-28T19:32:23.713+05:30 ERROR 13980 --- [  restartedMain] o.s.b.d.LoggingFailureAnalysisReporter   : 

***************************
APPLICATION FAILED TO START
***************************

Description:

Web server failed to start. Port 8085 was already in use.

Action:

Identify and stop the process that's listening on port 8085 or configure this application to listen on another port.

[INFO] ------------------------------------------------------------------------
[INFO] BUILD SUCCESS
[INFO] ------------------------------------------------------------------------
[INFO] Total time:  13.536 s
[INFO] Finished at: 2026-02-28T19:32:23+05:30
[INFO] ------------------------------------------------------------------------
